  OpenCVApplication.cpp
C:\Users\Public\Documents\GitHub\bag-of-words-project\OpenCVApplication.cpp(258,55): warning C4244: 'argument': conversion from 'int' to '_Tp', possible loss of data
C:\Users\Public\Documents\GitHub\bag-of-words-project\OpenCVApplication.cpp(258,55): warning C4244:         with
C:\Users\Public\Documents\GitHub\bag-of-words-project\OpenCVApplication.cpp(258,55): warning C4244:         [
C:\Users\Public\Documents\GitHub\bag-of-words-project\OpenCVApplication.cpp(258,55): warning C4244:             _Tp=float
C:\Users\Public\Documents\GitHub\bag-of-words-project\OpenCVApplication.cpp(258,55): warning C4244:         ]
  (compiling source file '/OpenCVApplication.cpp')
  
C:\Users\Public\Documents\GitHub\bag-of-words-project\OpenCVApplication.cpp(258,52): warning C4244: 'argument': conversion from 'int' to '_Tp', possible loss of data
C:\Users\Public\Documents\GitHub\bag-of-words-project\OpenCVApplication.cpp(258,52): warning C4244:         with
C:\Users\Public\Documents\GitHub\bag-of-words-project\OpenCVApplication.cpp(258,52): warning C4244:         [
C:\Users\Public\Documents\GitHub\bag-of-words-project\OpenCVApplication.cpp(258,52): warning C4244:             _Tp=float
C:\Users\Public\Documents\GitHub\bag-of-words-project\OpenCVApplication.cpp(258,52): warning C4244:         ]
  (compiling source file '/OpenCVApplication.cpp')
  
C:\Users\Public\Documents\GitHub\bag-of-words-project\OpenCVApplication.cpp(356,55): warning C4244: 'argument': conversion from 'int' to '_Tp', possible loss of data
C:\Users\Public\Documents\GitHub\bag-of-words-project\OpenCVApplication.cpp(356,55): warning C4244:         with
C:\Users\Public\Documents\GitHub\bag-of-words-project\OpenCVApplication.cpp(356,55): warning C4244:         [
C:\Users\Public\Documents\GitHub\bag-of-words-project\OpenCVApplication.cpp(356,55): warning C4244:             _Tp=float
C:\Users\Public\Documents\GitHub\bag-of-words-project\OpenCVApplication.cpp(356,55): warning C4244:         ]
  (compiling source file '/OpenCVApplication.cpp')
  
C:\Users\Public\Documents\GitHub\bag-of-words-project\OpenCVApplication.cpp(356,52): warning C4244: 'argument': conversion from 'int' to '_Tp', possible loss of data
C:\Users\Public\Documents\GitHub\bag-of-words-project\OpenCVApplication.cpp(356,52): warning C4244:         with
C:\Users\Public\Documents\GitHub\bag-of-words-project\OpenCVApplication.cpp(356,52): warning C4244:         [
C:\Users\Public\Documents\GitHub\bag-of-words-project\OpenCVApplication.cpp(356,52): warning C4244:             _Tp=float
C:\Users\Public\Documents\GitHub\bag-of-words-project\OpenCVApplication.cpp(356,52): warning C4244:         ]
  (compiling source file '/OpenCVApplication.cpp')
  
  OpenCVApplication.vcxproj -> C:\Users\Public\Documents\GitHub\bag-of-words-project\x64\Debug\OpenCVApplication.exe
  'pwsh.exe' is not recognized as an internal or external command,
  operable program or batch file.
  OpenCV\dll\Debug\opencv_videoio_ffmpeg490_64.dll
  OpenCV\dll\Debug\opencv_videoio_msmf490_64d.dll
  OpenCV\dll\Debug\opencv_world490d.dll
          3 file(s) copied.
